e:\fing\compgraf-lab1\opengl-basico\debug\vc145.pdb
e:\fing\compgraf-lab1\opengl-basico\debug\vc145.idb
e:\fing\compgraf-lab1\opengl-basico\debug\main.obj
e:\fing\compgraf-lab1\debug\opengl-basico.exe
e:\fing\compgraf-lab1\debug\opengl-basico.pdb
e:\fing\compgraf-lab1\opengl-basico\debug\opengl-basico.ilk
c:\users\usuario\juan\compgraf-lab1\opengl-basico\debug\main.obj
c:\users\usuario\juan\compgraf-lab1\opengl-basico\debug\main.obj.enc
c:\users\usuario\juan\compgraf-lab1\opengl-basico\debug\opengl-basico.ilk
c:\users\usuario\juan\compgraf-lab1\opengl-basico\debug\vc143.idb
c:\users\usuario\juan\compgraf-lab1\opengl-basico\debug\vc145.idb
c:\users\usuario\juan\compgraf-lab1\opengl-basico\debug\vc143.pdb
c:\users\usuario\juan\compgraf-lab1\opengl-basico\debug\vc145.pdb
c:\users\usuario\juan\compgraf-lab1\debug\opengl-basico.pdb
c:\users\usuario\juan\compgraf-lab1\debug\opengl-basico.exe
c:\users\usuario\juan\compgraf-lab1\debug\opengl-basico.ilk
c:\users\usuario\juan\compgraf-lab1\opengl-basico\debug\opengl-basico.tlog\cl.command.1.tlog
c:\users\usuario\juan\compgraf-lab1\opengl-basico\debug\opengl-basico.tlog\cl.items.tlog
c:\users\usuario\juan\compgraf-lab1\opengl-basico\debug\opengl-basico.tlog\cl.read.1.tlog
c:\users\usuario\juan\compgraf-lab1\opengl-basico\debug\opengl-basico.tlog\cl.write.1.tlog
c:\users\usuario\juan\compgraf-lab1\opengl-basico\debug\opengl-basico.tlog\link.command.1.tlog
c:\users\usuario\juan\compgraf-lab1\opengl-basico\debug\opengl-basico.tlog\link.read.1.tlog
c:\users\usuario\juan\compgraf-lab1\opengl-basico\debug\opengl-basico.tlog\link.secondary.1.tlog
c:\users\usuario\juan\compgraf-lab1\opengl-basico\debug\opengl-basico.tlog\link.write.1.tlog
