c:\users\manuel\documents\code\c\graf\opengl-basico\release\vc145.pdb
e:\fing\compgraf-lab1\opengl-basico\release\vc145.pdb
e:\fing\compgraf-lab1\opengl-basico\release\barraprisma.obj
e:\fing\compgraf-lab1\opengl-basico\release\enemigoprisma.obj
e:\fing\compgraf-lab1\opengl-basico\release\bolaprisma.obj
e:\fing\compgraf-lab1\opengl-basico\release\prisma.obj
e:\fing\compgraf-lab1\opengl-basico\release\rect.obj
e:\fing\compgraf-lab1\opengl-basico\release\game.obj
e:\fing\compgraf-lab1\opengl-basico\release\enemigo.obj
e:\fing\compgraf-lab1\opengl-basico\release\drawutils.obj
e:\fing\compgraf-lab1\opengl-basico\release\colisiones.obj
e:\fing\compgraf-lab1\opengl-basico\release\bola.obj
e:\fing\compgraf-lab1\opengl-basico\release\barra.obj
e:\fing\compgraf-lab1\opengl-basico\release\main.obj
e:\fing\compgraf-lab1\opengl-basico\release\camara.obj
e:\fing\compgraf-lab1\release\opengl-basico.exe
e:\fing\compgraf-lab1\release\opengl-basico.pdb
e:\fing\compgraf-lab1\opengl-basico\release\opengl-basico.ipdb
e:\fing\compgraf-lab1\opengl-basico\release\opengl-basico.iobj
e:\fing\compgraf-lab1\opengl-basico\release\opengl-basico.tlog\cl.command.1.tlog
e:\fing\compgraf-lab1\opengl-basico\release\opengl-basico.tlog\cl.items.tlog
e:\fing\compgraf-lab1\opengl-basico\release\opengl-basico.tlog\cl.read.1.tlog
e:\fing\compgraf-lab1\opengl-basico\release\opengl-basico.tlog\cl.write.1.tlog
e:\fing\compgraf-lab1\opengl-basico\release\opengl-basico.tlog\link.command.1.tlog
e:\fing\compgraf-lab1\opengl-basico\release\opengl-basico.tlog\link.read.1.tlog
e:\fing\compgraf-lab1\opengl-basico\release\opengl-basico.tlog\link.secondary.1.tlog
e:\fing\compgraf-lab1\opengl-basico\release\opengl-basico.tlog\link.write.1.tlog
